# UMI-tools version: 1.0.1
# output generated by extract -I LK_S3_L001_R1_001_init10000_trim.fq --bc-pattern=^(?P<umi_1>.{4}).+(?P<umi_2>.{5})(?P<cell_1>.{5})$ --extract-method=regex -S LK_S3_L001_R1_001_init10000_extract_trim.fq
# job started at Wed Apr  5 10:16:35 2023 on node1h21.ecdf.ed.ac.uk -- 86e2384c-f818-44ce-90b3-eb93859a7bd5
# pid: 7294, system: Linux 3.10.0-1160.80.1.el7.x86_64 #1 SMP Wed Nov 2 16:40:42 CDT 2022 x86_64
# blacklist                               : None
# compresslevel                           : 6
# either_read                             : False
# either_read_resolve                     : discard
# error_correct_cell                      : False
# extract_method                          : regex
# filter_cell_barcode                     : None
# filter_cell_barcodes                    : False
# log2stderr                              : False
# loglevel                                : 1
# pattern                                 : ^(?P<umi_1>.{4}).+(?P<umi_2>.{5})(?P<cell_1>.{5})$
# pattern2                                : None
# prime3                                  : None
# quality_encoding                        : None
# quality_filter_mask                     : None
# quality_filter_threshold                : None
# random_seed                             : None
# read2_in                                : None
# read2_out                               : False
# read2_stdout                            : False
# reads_subset                            : None
# reconcile                               : False
# retain_umi                              : None
# short_help                              : None
# stderr                                  : <_io.TextIOWrapper name='<stderr>' mode='w' encoding='UTF-8'>
# stdin                                   : <_io.TextIOWrapper name='LK_S3_L001_R1_001_init10000_trim.fq' mode='r' encoding='UTF-8'>
# stdlog                                  : <_io.TextIOWrapper name='<stdout>' mode='w' encoding='UTF-8'>
# stdout                                  : <_io.TextIOWrapper name='LK_S3_L001_R1_001_init10000_extract_trim.fq' mode='w' encoding='UTF-8'>
# timeit_file                             : None
# timeit_header                           : None
# timeit_name                             : all
# tmpdir                                  : None
# whitelist                               : None
2023-04-05 10:16:35,795 INFO Starting barcode extraction
2023-04-05 10:16:36,086 INFO Input Reads: 9997
2023-04-05 10:16:36,086 INFO regex matches read1: 9987
2023-04-05 10:16:36,086 INFO Reads output: 9987
2023-04-05 10:16:36,086 INFO regex does not match read1: 10
# job finished in 0 seconds at Wed Apr  5 10:16:36 2023 --  0.79  0.23  0.00  0.00 -- 86e2384c-f818-44ce-90b3-eb93859a7bd5
