Saving 7 x 7 in image
Warning messages:
1: In write.table(metagene_start_stop_read_counts_data, file = tsv_file_path,  :
  appending column names to file
2: In write.table(gene_poslen_counts_5start_df, file = tsv_file_path,  :
  appending column names to file
Saving 7 x 7 in image
Warning message:
In write.table(read_counts_by_length_data, file = tsv_file_path,  :
  appending column names to file
Warning message:
In write.table(all_out, file = tsv_file_path, append = T, sep = "\t",  :
  appending column names to file
Rows: 3 Columns: 2
── Column specification ────────────────────────────────────────────────────────
Delimiter: "\t"
dbl (2): read_length, asite_displacement

ℹ Use `spec()` to retrieve the full column specification for this data.
ℹ Specify the column types or set `show_col_types = FALSE` to quiet this message.
Note: Using an external vector in selections is ambiguous.
ℹ Use `all_of(feat_names)` instead of `feat_names` to silence this message.
ℹ See <https://tidyselect.r-lib.org/reference/faq-external-vector.html>.
This message is displayed once per session.
Warning messages:
1: In write.table(read_frame_per_orf_filtered_data, file = tsv_file_path,  :
  appending column names to file
2: In write.table(gene_read_frames_data, file = tsv_file_path, append = T,  :
  appending column names to file
Saving 7 x 7 in image
Warning messages:
1: `guides(<scale> = FALSE)` is deprecated. Please use `guides(<scale> = "none")` instead. 
2: Removed 1000 row(s) containing missing values (geom_path). 
3: In write.table(metagene_normalized_profile_start_stop_data, file = tsv_file_path,  :
  appending column names to file
Warning message:
In write.table(tpms, file = tsv_file_path, append = T, sep = "\t",  :
  appending column names to file
Saving 7 x 7 in image
Error in `combine_vars()`:
! Faceting variables must have at least one value
Backtrace:
     ▆
  1. └─global SaveSequenceBasedFeatures(features_plot)
  2.   └─ggplot2::ggsave(...)
  3.     ├─grid::grid.draw(plot)
  4.     └─ggplot2:::grid.draw.ggplot(plot)
  5.       ├─base::print(x)
  6.       └─ggplot2:::print.ggplot(x)
  7.         ├─ggplot2::ggplot_build(x)
  8.         └─ggplot2:::ggplot_build.ggplot(x)
  9.           └─layout$setup(data, plot$data, plot$plot_env)
 10.             └─ggplot2 (local) f(..., self = self)
 11.               └─self$facet$compute_layout(data, self$facet_params)
 12.                 └─ggplot2 (local) f(...)
 13.                   ├─ggplot2:::unrowname(...)
 14.                   │ └─base::is.data.frame(x)
 15.                   └─ggplot2::combine_vars(data, params$plot_env, vars, drop = params$drop)
 16.                     └─rlang::abort("Faceting variables must have at least one value")
Execution halted
