[1] "Created by: riboviz"
[1] "Date: 2023-04-05 12:43:08"
[1] "File: /exports/csce/eddie/biology/groups/wallace_rna/riboviz-david/riboviz/riboviz/rscripts/generate_stats_figs.R"
[1] "Version: commit bb25145b6ec95e37fe5129429ddf94067d6b99f6 date 2023-03-09 14:39:35 GMT"
[1] "generate_stats_figs.R running with parameters:"
$output_dir
[1] "."

$orf_fasta_file
[1] "lachancea_kluyveri_cds_250nt_utr.fasta"

$orf_gff_file
[1] "lachancea_kluyveri_cds_250nt_utr.gff3"

$output_pdfs
[1] TRUE

$num_processes
[1] 1

$min_read_length
[1] 10

$max_read_length
[1] 50

$buffer
[1] 250

$primary_id
[1] "Name"

$dataset
[1] "EIRNA_2023_LK_down"

$rpf
[1] TRUE

$features_file
[1] "yeast_features.tsv"

$output_metagene_normalized_profile
[1] TRUE

$t_rna_file
[1] "yeast_tRNAs.tsv"

$codon_positions_file
[1] "yeast_codon_pos_i200.RData"

$count_threshold
[1] 64

$length_threshold
[1] 500

$output_prefix
[1] ""

$hd_file
[1] "Rep3.h5"

$nnt_buffer
[1] 25

$nnt_gene
[1] 50

$asite_disp_length_file
[1] "yeast_standard_asite_disp_length.txt"

$help
[1] FALSE

[1] "Starting: Check for 3nt periodicity globally"
Saving 7 x 7 in image
[1] "Completed: Check for 3nt periodicity globally"
Warning messages:
1: In write.table(metagene_start_stop_read_counts_data, file = tsv_file_path,  :
  appending column names to file
2: In write.table(gene_poslen_counts_5start_df, file = tsv_file_path,  :
  appending column names to file
Saving 7 x 7 in image
[1] "Completed: Distribution of lengths of all mapped reads"
Warning message:
In write.table(read_counts_by_length_data, file = tsv_file_path,  :
  appending column names to file
[1] "Starting: Biases in nucleotide composition along mapped read lengths"
[1] "finished for loop"
[1] "finished prepping Length, Position, Frame variables"
[1] "finished, returning all_out"
[1] "Completed: Biases in nucleotide composition along mapped read lengths"
Warning message:
In write.table(all_out, file = tsv_file_path, append = T, sep = "\t",  :
  appending column names to file
[1] "Starting: Check for 3nt periodicity (frame) by gene"
Rows: 3 Columns: 2
── Column specification ────────────────────────────────────────────────────────
Delimiter: "\t"
dbl (2): read_length, asite_displacement

ℹ Use `spec()` to retrieve the full column specification for this data.
ℹ Specify the column types or set `show_col_types = FALSE` to quiet this message.
Note: Using an external vector in selections is ambiguous.
ℹ Use `all_of(feat_names)` instead of `feat_names` to silence this message.
ℹ See <https://tidyselect.r-lib.org/reference/faq-external-vector.html>.
This message is displayed once per session.
[1] "Completed: Check for 3nt periodicity (frame) by Gene"
Warning messages:
1: In write.table(read_frame_per_orf_filtered_data, file = tsv_file_path,  :
  appending column names to file
2: In write.table(gene_read_frames_data, file = tsv_file_path, append = T,  :
  appending column names to file
[1] "Starting: Position specific distribution of reads"
Saving 7 x 7 in image
Warning messages:
1: `guides(<scale> = FALSE)` is deprecated. Please use `guides(<scale> = "none")` instead. 
2: Removed 1000 row(s) containing missing values (geom_path). 
3: In write.table(metagene_normalized_profile_start_stop_data, file = tsv_file_path,  :
  appending column names to file
[1] "Completed: Position specific distribution of reads - RPF method"
[1] "Completed: Position specific distribution of reads"
[1] "Starting: Calculate TPMs of genes"
[1] "Completed: Calculate TPMs of genes"
Warning message:
In write.table(tpms, file = tsv_file_path, append = T, sep = "\t",  :
  appending column names to file
[1] "Starting: Correlations between TPMs of genes with their sequence-based features"
Saving 7 x 7 in image
Error in `combine_vars()`:
! Faceting variables must have at least one value
Backtrace:
     ▆
  1. └─global SaveSequenceBasedFeatures(features_plot)
  2.   └─ggplot2::ggsave(...)
  3.     ├─grid::grid.draw(plot)
  4.     └─ggplot2:::grid.draw.ggplot(plot)
  5.       ├─base::print(x)
  6.       └─ggplot2:::print.ggplot(x)
  7.         ├─ggplot2::ggplot_build(x)
  8.         └─ggplot2:::ggplot_build.ggplot(x)
  9.           └─layout$setup(data, plot$data, plot$plot_env)
 10.             └─ggplot2 (local) f(..., self = self)
 11.               └─self$facet$compute_layout(data, self$facet_params)
 12.                 └─ggplot2 (local) f(...)
 13.                   ├─ggplot2:::unrowname(...)
 14.                   │ └─base::is.data.frame(x)
 15.                   └─ggplot2::combine_vars(data, params$plot_env, vars, drop = params$drop)
 16.                     └─rlang::abort("Faceting variables must have at least one value")
Execution halted
