Settings:
  Output files: "yeast_CDS_w_250.*.ht2"
  Line rate: 6 (line is 64 bytes)
  Lines per side: 1 (side is 64 bytes)
  Offset rate: 4 (one in 16)
  FTable chars: 10
  Strings: unpacked
  Local offset rate: 3 (one in 8)
  Local fTable chars: 6
  Local sequence length: 57344
  Local sequence overlap between two consecutive indexes: 1024
  Endianness: little
  Actual local endianness: little
  Sanity checking: disabled
  Assertions: disabled
  Random seed: 0
  Sizeofs: void*:8, int:4, long:8, size_t:8
Input files DNA, FASTA:
  lachancea_kluyveri_cds_250nt_utr.fasta
Reading reference sizes
  Time reading reference sizes: 00:00:00
Calculating joined length
Writing header
Reserving space for joined string
Joining reference sequences
  Time to join reference sequences: 00:00:01
  Time to read SNPs and splice sites: 00:00:00
Using parameters --bmax 1976451 --dcv 1024
  Doing ahead-of-time memory usage test
  Passed!  Constructing with these parameters: --bmax 1976451 --dcv 1024
Constructing suffix-array element generator
Converting suffix-array elements to index image
Allocating ftab, absorbFtab
Entering GFM loop
Exited GFM loop
fchr[A]: 0
fchr[C]: 3224481
fchr[G]: 5393599
fchr[T]: 7611580
fchr[$]: 10541071
Exiting GFM::buildToDisk()
Returning from initFromVector
Wrote 8009972 bytes to primary GFM file: yeast_CDS_w_250.1.ht2
Wrote 2635272 bytes to secondary GFM file: yeast_CDS_w_250.2.ht2
Re-opening _in1 and _in2 as input streams
Returning from GFM constructor
Returning from initFromVector
Wrote 46064571 bytes to primary GFM file: yeast_CDS_w_250.5.ht2
Wrote 2641110 bytes to secondary GFM file: yeast_CDS_w_250.6.ht2
Re-opening _in5 and _in5 as input streams
Returning from HierEbwt constructor
Headers:
    len: 10541071
    gbwtLen: 10541072
    nodes: 10541072
    sz: 2635268
    gbwtSz: 2635269
    lineRate: 6
    offRate: 4
    offMask: 0xfffffff0
    ftabChars: 10
    eftabLen: 0
    eftabSz: 0
    ftabLen: 1048577
    ftabSz: 4194308
    offsLen: 658817
    offsSz: 2635268
    lineSz: 64
    sideSz: 64
    sideGbwtSz: 48
    sideGbwtLen: 192
    numSides: 54902
    numLines: 54902
    gbwtTotLen: 3513728
    gbwtTotSz: 3513728
    reverse: 0
    linearFM: Yes
Total time for call to driver() for forward index: 00:00:06
