# UMI-tools version: 1.0.1
# output generated by group -I orf_map_clean.bam --group-out pre_dedup_groups.tsv
# job started at Wed Apr  5 10:16:47 2023 on node1h21.ecdf.ed.ac.uk -- 4798ecae-ddda-4b5a-8cec-2340c6cd4572
# pid: 7819, system: Linux 3.10.0-1160.80.1.el7.x86_64 #1 SMP Wed Nov 2 16:40:42 CDT 2022 x86_64
# assigned_tag                            : None
# cell_tag                                : None
# cell_tag_delim                          : None
# cell_tag_split                          : -
# chimeric_pairs                          : use
# chrom                                   : None
# compresslevel                           : 6
# detection_method                        : None
# gene_tag                                : None
# gene_transcript_map                     : None
# get_umi_method                          : read_id
# ignore_umi                              : False
# in_sam                                  : False
# log2stderr                              : False
# loglevel                                : 1
# mapping_quality                         : 0
# method                                  : directional
# no_sort_output                          : False
# out_sam                                 : False
# output_bam                              : False
# output_unmapped                         : False
# paired                                  : False
# per_cell                                : False
# per_contig                              : False
# per_gene                                : False
# random_seed                             : None
# read_length                             : False
# short_help                              : None
# skip_regex                              : ^(__|Unassigned)
# soft_clip_threshold                     : 4
# spliced                                 : False
# stderr                                  : <_io.TextIOWrapper name='<stderr>' mode='w' encoding='UTF-8'>
# stdin                                   : <_io.TextIOWrapper name='orf_map_clean.bam' mode='r' encoding='UTF-8'>
# stdlog                                  : <_io.TextIOWrapper name='<stdout>' mode='w' encoding='UTF-8'>
# stdout                                  : <_io.TextIOWrapper name='<stdout>' mode='w' encoding='UTF-8'>
# subset                                  : None
# threshold                               : 1
# timeit_file                             : None
# timeit_header                           : None
# timeit_name                             : all
# tmpdir                                  : None
# tsv                                     : pre_dedup_groups.tsv
# umi_group_tag                           : BX
# umi_sep                                 : _
# umi_tag                                 : RX
# umi_tag_delim                           : None
# umi_tag_split                           : None
# unmapped_reads                          : discard
# unpaired_reads                          : use
# whole_contig                            : False
## 2023-04-05 10:16:47,199 INFO command: group -I orf_map_clean.bam --group-out pre_dedup_groups.tsv
## 2023-04-05 10:16:47,511 INFO Reads: Input Reads: 1246
## 2023-04-05 10:16:47,511 INFO Number of reads out: 1246, Number of groups: 1211
## 2023-04-05 10:16:47,511 INFO Total number of positions deduplicated: 1035
## 2023-04-05 10:16:47,511 INFO Mean number of unique UMIs per position: 1.17
## 2023-04-05 10:16:47,511 INFO Max. number of unique UMIs per position: 36
# job finished in 0 seconds at Wed Apr  5 10:16:47 2023 --  0.44  0.06  0.00  0.00 -- 4798ecae-ddda-4b5a-8cec-2340c6cd4572
