This is cutadapt 2.10 with Python 3.7.6
Command line parameters: --trim-n -O 1 -m 5 -a AGATCGGAAGAGCACACGTCTGAA -o LK_S3_L001_R1_001_init10000_trim.fq LK_S3_L001_R1_001_init10000.fastq -j 0
Processing reads on 1 core in single-end mode ...
Finished in 0.14 s (14 us/read; 4.15 M reads/minute).

=== Summary ===

Total reads processed:                  10,000
Reads with adapters:                     9,815 (98.2%)
Reads written (passing filters):         9,997 (100.0%)

Total basepairs processed:       500,000 bp
Total written (filtered):        398,675 bp (79.7%)

=== Adapter 1 ===

Sequence: AGATCGGAAGAGCACACGTCTGAA; Type: regular 3'; Length: 24; Trimmed: 9815 times

No. of allowed errors:
0-9 bp: 0; 10-19 bp: 1; 20-24 bp: 2

Bases preceding removed adapters:
  A: 70.9%
  C: 0.4%
  G: 0.5%
  T: 28.3%
  none/other: 0.0%

Overview of removed sequences
length	count	expect	max.err	error counts
1	146	2500.0	0	146
2	89	625.0	0	89
3	599	156.2	0	599
4	415	39.1	0	415
5	529	9.8	0	529
6	673	2.4	0	673
7	1222	0.6	0	1222
8	1245	0.2	0	1245
9	1654	0.0	0	1649 5
10	679	0.0	1	672 7
11	233	0.0	1	231 2
12	164	0.0	1	161 3
13	144	0.0	1	142 2
14	203	0.0	1	194 9
15	127	0.0	1	127
16	99	0.0	1	96 3
17	95	0.0	1	93 2
18	165	0.0	1	161 4
19	72	0.0	1	70 2
20	78	0.0	2	77 1
21	168	0.0	2	167 1
22	184	0.0	2	175 8 1
23	62	0.0	2	59 2 1
24	105	0.0	2	103 2
25	88	0.0	2	83 5
26	43	0.0	2	42 1
27	66	0.0	2	65 1
28	250	0.0	2	246 4
29	61	0.0	2	60 1
30	29	0.0	2	29
31	83	0.0	2	81 2
32	14	0.0	2	14
33	11	0.0	2	10 1
34	3	0.0	2	3
35	4	0.0	2	4
36	5	0.0	2	5
39	1	0.0	2	1
41	2	0.0	2	2
43	2	0.0	2	2
46	2	0.0	2	2
49	1	0.0	2	1
